# JRE version: Java(TM) SE Runtime Environment 18.9 (11.0.11+9) (build 11.0.11+9-LTS-194)
# Java VM: Java HotSpot(TM) 64-Bit Server VM 18.9 (11.0.11+9-LTS-194, mixed mode, tiered, compressed oops, g1 gc, windows-amd64)
Heap:
 garbage-first heap   total 262144K, used 136075K [0x00000000e0000000, 0x0000000100000000)
  region size 1024K, 30 young (30720K), 1 survivors (1024K)
 Metaspace       used 89558K, capacity 92021K, committed 99408K, reserved 342016K
  class space    used 11122K, capacity 12048K, committed 13260K, reserved 253952K
GC Heap History (10 events):
Event: 477.472 GC heap before
{Heap before GC invocations=67 (full 0):
 garbage-first heap   total 262144K, used 188326K [0x00000000e0000000, 0x0000000100000000)
  region size 1024K, 80 young (81920K), 5 survivors (5120K)
 Metaspace       used 89279K, capacity 91751K, committed 99408K, reserved 342016K
  class space    used 11109K, capacity 12036K, committed 13260K, reserved 253952K
}
Event: 477.496 GC heap after
{Heap after GC invocations=68 (full 0):
 garbage-first heap   total 262144K, used 117546K [0x00000000e0000000, 0x0000000100000000)
  region size 1024K, 10 young (10240K), 10 survivors (10240K)
 Metaspace       used 89279K, capacity 91751K, committed 99408K, reserved 342016K
  class space    used 11109K, capacity 12036K, committed 13260K, reserved 253952K
}
Event: 477.499 GC heap before
{Heap before GC invocations=68 (full 0):
 garbage-first heap   total 262144K, used 119594K [0x00000000e0000000, 0x0000000100000000)
  region size 1024K, 12 young (12288K), 10 survivors (10240K)
 Metaspace       used 89279K, capacity 91751K, committed 99408K, reserved 342016K
  class space    used 11109K, capacity 12036K, committed 13260K, reserved 253952K
}
Event: 477.543 GC heap after
{Heap after GC invocations=69 (full 0):
 garbage-first heap   total 262144K, used 112534K [0x00000000e0000000, 0x0000000100000000)
  region size 1024K, 2 young (2048K), 2 survivors (2048K)
 Metaspace       used 89279K, capacity 91751K, committed 99408K, reserved 342016K
  class space    used 11109K, capacity 12036K, committed 13260K, reserved 253952K
}
Event: 479.415 GC heap before
{Heap before GC invocations=69 (full 0):
 garbage-first heap   total 262144K, used 155542K [0x00000000e0000000, 0x0000000100000000)
  region size 1024K, 45 young (46080K), 2 survivors (2048K)
 Metaspace       used 89367K, capacity 91811K, committed 99408K, reserved 342016K
  class space    used 11120K, capacity 12046K, committed 13260K, reserved 253952K
}
Event: 479.424 GC heap after
{Heap after GC invocations=70 (full 0):
 garbage-first heap   total 262144K, used 112061K [0x00000000e0000000, 0x0000000100000000)
  region size 1024K, 1 young (1024K), 1 survivors (1024K)
 Metaspace       used 89367K, capacity 91811K, committed 99408K, reserved 342016K
  class space    used 11120K, capacity 12046K, committed 13260K, reserved 253952K
}
Event: 482.103 GC heap before
{Heap before GC invocations=71 (full 0):
 garbage-first heap   total 262144K, used 203727K [0x00000000e0000000, 0x0000000100000000)
  region size 1024K, 84 young (86016K), 1 survivors (1024K)
 Metaspace       used 89384K, capacity 91883K, committed 99408K, reserved 342016K
  class space    used 11121K, capacity 12047K, committed 13260K, reserved 253952K
}
Event: 482.111 GC heap after
{Heap after GC invocations=72 (full 0):
 garbage-first heap   total 262144K, used 110427K [0x00000000e0000000, 0x0000000100000000)
  region size 1024K, 1 young (1024K), 1 survivors (1024K)
 Metaspace       used 89384K, capacity 91883K, committed 99408K, reserved 342016K
  class space    used 11121K, capacity 12047K, committed 13260K, reserved 253952K
}
Event: 653.327 GC heap before
{Heap before GC invocations=72 (full 0):
 garbage-first heap   total 262144K, used 121691K [0x00000000e0000000, 0x0000000100000000)
  region size 1024K, 12 young (12288K), 1 survivors (1024K)
 Metaspace       used 89402K, capacity 91947K, committed 99408K, reserved 342016K
  class space    used 11121K, capacity 12047K, committed 13260K, reserved 253952K
}
Event: 653.343 GC heap after
{Heap after GC invocations=73 (full 0):
 garbage-first heap   total 262144K, used 107403K [0x00000000e0000000, 0x0000000100000000)
  region size 1024K, 1 young (1024K), 1 survivors (1024K)
 Metaspace       used 89402K, capacity 91947K, committed 99408K, reserved 342016K
  class space    used 11121K, capacity 12047K, committed 13260K, reserved 253952K
}

