# JRE version: Java(TM) SE Runtime Environment 18.9 (11.0.11+9) (build 11.0.11+9-LTS-194)
# Java VM: Java HotSpot(TM) 64-Bit Server VM 18.9 (11.0.11+9-LTS-194, mixed mode, tiered, compressed oops, g1 gc, windows-amd64)
Heap:
 garbage-first heap   total 262144K, used 81568K [0x00000000e0000000, 0x0000000100000000)
  region size 1024K, 38 young (38912K), 20 survivors (20480K)
 Metaspace       used 50560K, capacity 51861K, committed 52096K, reserved 299008K
  class space    used 6571K, capacity 7036K, committed 7040K, reserved 253952K
GC Heap History (10 events):
Event: 7.652 GC heap before
{Heap before GC invocations=3 (full 0):
 garbage-first heap   total 262144K, used 51867K [0x00000000e0000000, 0x0000000100000000)
  region size 1024K, 42 young (43008K), 3 survivors (3072K)
 Metaspace       used 17553K, capacity 18017K, committed 18176K, reserved 270336K
  class space    used 2035K, capacity 2190K, committed 2304K, reserved 253952K
}
Event: 7.665 GC heap after
{Heap after GC invocations=4 (full 0):
 garbage-first heap   total 262144K, used 16233K [0x00000000e0000000, 0x0000000100000000)
  region size 1024K, 6 young (6144K), 6 survivors (6144K)
 Metaspace       used 17553K, capacity 18017K, committed 18176K, reserved 270336K
  class space    used 2035K, capacity 2190K, committed 2304K, reserved 253952K
}
Event: 8.700 GC heap before
{Heap before GC invocations=4 (full 0):
 garbage-first heap   total 262144K, used 43881K [0x00000000e0000000, 0x0000000100000000)
  region size 1024K, 34 young (34816K), 6 survivors (6144K)
 Metaspace       used 20694K, capacity 21191K, committed 21296K, reserved 274432K
  class space    used 2523K, capacity 2675K, committed 2688K, reserved 253952K
}
Event: 8.713 GC heap after
{Heap after GC invocations=5 (full 0):
 garbage-first heap   total 262144K, used 17572K [0x00000000e0000000, 0x0000000100000000)
  region size 1024K, 5 young (5120K), 5 survivors (5120K)
 Metaspace       used 20694K, capacity 21191K, committed 21296K, reserved 274432K
  class space    used 2523K, capacity 2675K, committed 2688K, reserved 253952K
}
Event: 10.562 GC heap before
{Heap before GC invocations=6 (full 0):
 garbage-first heap   total 262144K, used 67748K [0x00000000e0000000, 0x0000000100000000)
  region size 1024K, 54 young (55296K), 5 survivors (5120K)
 Metaspace       used 26115K, capacity 26775K, committed 27008K, reserved 278528K
  class space    used 3395K, capacity 3628K, committed 3712K, reserved 253952K
}
Event: 10.575 GC heap after
{Heap after GC invocations=7 (full 0):
 garbage-first heap   total 262144K, used 19464K [0x00000000e0000000, 0x0000000100000000)
  region size 1024K, 4 young (4096K), 4 survivors (4096K)
 Metaspace       used 26115K, capacity 26775K, committed 27008K, reserved 278528K
  class space    used 3395K, capacity 3628K, committed 3712K, reserved 253952K
}
Event: 14.525 GC heap before
{Heap before GC invocations=7 (full 0):
 garbage-first heap   total 262144K, used 102408K [0x00000000e0000000, 0x0000000100000000)
  region size 1024K, 73 young (74752K), 4 survivors (4096K)
 Metaspace       used 35035K, capacity 35904K, committed 35968K, reserved 286720K
  class space    used 4580K, capacity 4948K, committed 4992K, reserved 253952K
}
Event: 14.550 GC heap after
{Heap after GC invocations=8 (full 0):
 garbage-first heap   total 262144K, used 39563K [0x00000000e0000000, 0x0000000100000000)
  region size 1024K, 9 young (9216K), 9 survivors (9216K)
 Metaspace       used 35035K, capacity 35904K, committed 35968K, reserved 286720K
  class space    used 4580K, capacity 4948K, committed 4992K, reserved 253952K
}
Event: 21.525 GC heap before
{Heap before GC invocations=9 (full 0):
 garbage-first heap   total 262144K, used 202379K [0x00000000e0000000, 0x0000000100000000)
  region size 1024K, 153 young (156672K), 9 survivors (9216K)
 Metaspace       used 48446K, capacity 49766K, committed 49920K, reserved 299008K
  class space    used 6175K, capacity 6616K, committed 6656K, reserved 253952K
}
Event: 21.583 GC heap after
{Heap after GC invocations=10 (full 0):
 garbage-first heap   total 262144K, used 64160K [0x00000000e0000000, 0x0000000100000000)
  region size 1024K, 20 young (20480K), 20 survivors (20480K)
 Metaspace       used 48446K, capacity 49766K, committed 49920K, reserved 299008K
  class space    used 6175K, capacity 6616K, committed 6656K, reserved 253952K
}

